<?xml version="1.0" encoding="UTF-8"?>
<!-- Generated by org.testng.reporters.JUnitReportReporter -->
<testsuite skipped="0" hostname="DESKTOP-2DH32IK" name="appiumtests.Calculator" tests="1" failures="0" timestamp="2020-08-31T16:19:05 COT" time="3.621" errors="0">
  <testcase name="testCalculator" time="3.621" classname="appiumtests.Calculator"/>
  <system-out/>
</testsuite> <!-- appiumtests.Calculator -->
